2023-09-30 12:15:51,355 INFO  [Log] **************************************************************************************** 
2023-09-30 12:15:51,357 INFO  [Log] **************************************************************************************** 
2023-09-30 12:15:51,357 INFO  [Log] $$$$$$$$$$$$$$$$$$$$$                 My batch 16 test case starts here       $$$$$$$$$$$$$$$$$$$$$$$$$ 
2023-09-30 12:15:51,357 INFO  [Log] **************************************************************************************** 
2023-09-30 12:15:51,357 INFO  [Log] **************************************************************************************** 
2023-09-30 12:15:51,461 INFO  [Log] my username has been entered 
2023-09-30 12:15:51,531 INFO  [Log] My password has been entered 
2023-09-30 12:16:10,737 INFO  [Log] **************************************************************************************** 
2023-09-30 12:16:10,737 INFO  [Log] **************************************************************************************** 
2023-09-30 12:16:10,738 INFO  [Log] $$$$$$$$$$$$$$$$$$$$$                 My batch 16 test case starts here       $$$$$$$$$$$$$$$$$$$$$$$$$ 
2023-09-30 12:16:10,738 INFO  [Log] **************************************************************************************** 
2023-09-30 12:16:10,738 INFO  [Log] **************************************************************************************** 
2023-09-30 12:16:10,853 INFO  [Log] my username has been entered 
2023-09-30 12:16:10,925 INFO  [Log] My password has been entered 
2023-09-30 12:16:30,380 INFO  [Log] **************************************************************************************** 
2023-09-30 12:16:30,380 INFO  [Log] **************************************************************************************** 
2023-09-30 12:16:30,380 INFO  [Log] $$$$$$$$$$$$$$$$$$$$$                 My batch 16 test case starts here       $$$$$$$$$$$$$$$$$$$$$$$$$ 
2023-09-30 12:16:30,380 INFO  [Log] **************************************************************************************** 
2023-09-30 12:16:30,381 INFO  [Log] **************************************************************************************** 
2023-09-30 12:16:30,576 INFO  [Log] my username has been entered 
2023-09-30 12:16:30,699 INFO  [Log] My password has been entered 
2023-09-30 12:16:49,430 INFO  [Log] **************************************************************************************** 
2023-09-30 12:16:49,430 INFO  [Log] **************************************************************************************** 
2023-09-30 12:16:49,430 INFO  [Log] $$$$$$$$$$$$$$$$$$$$$                 My batch 16 test case starts here       $$$$$$$$$$$$$$$$$$$$$$$$$ 
2023-09-30 12:16:49,430 INFO  [Log] **************************************************************************************** 
2023-09-30 12:16:49,430 INFO  [Log] **************************************************************************************** 
2023-09-30 12:16:49,528 INFO  [Log] my username has been entered 
2023-09-30 12:16:49,595 INFO  [Log] My password has been entered 
2023-09-30 12:17:08,817 INFO  [Log] **************************************************************************************** 
2023-09-30 12:17:08,817 INFO  [Log] **************************************************************************************** 
2023-09-30 12:17:08,817 INFO  [Log] $$$$$$$$$$$$$$$$$$$$$                 My batch 16 test case starts here       $$$$$$$$$$$$$$$$$$$$$$$$$ 
2023-09-30 12:17:08,818 INFO  [Log] **************************************************************************************** 
2023-09-30 12:17:08,818 INFO  [Log] **************************************************************************************** 
2023-09-30 12:17:08,908 INFO  [Log] my username has been entered 
2023-09-30 12:17:08,974 INFO  [Log] My password has been entered 
2023-09-30 12:17:27,228 INFO  [Log] **************************************************************************************** 
2023-09-30 12:17:27,228 INFO  [Log] **************************************************************************************** 
2023-09-30 12:17:27,228 INFO  [Log] $$$$$$$$$$$$$$$$$$$$$                 My batch 16 test case starts here       $$$$$$$$$$$$$$$$$$$$$$$$$ 
2023-09-30 12:17:27,228 INFO  [Log] **************************************************************************************** 
2023-09-30 12:17:27,228 INFO  [Log] **************************************************************************************** 
2023-09-30 12:17:27,325 INFO  [Log] my username has been entered 
2023-09-30 12:17:27,390 INFO  [Log] My password has been entered 
2023-09-30 12:17:52,932 INFO  [Log] **************************************************************************************** 
2023-09-30 12:17:52,932 INFO  [Log] **************************************************************************************** 
2023-09-30 12:17:52,932 INFO  [Log] $$$$$$$$$$$$$$$$$$$$$                 My batch 16 test case starts here       $$$$$$$$$$$$$$$$$$$$$$$$$ 
2023-09-30 12:17:52,932 INFO  [Log] **************************************************************************************** 
2023-09-30 12:17:52,932 INFO  [Log] **************************************************************************************** 
2023-09-30 12:17:53,023 INFO  [Log] my username has been entered 
2023-09-30 12:17:53,084 INFO  [Log] My password has been entered 
2023-09-30 12:18:23,736 INFO  [Log] **************************************************************************************** 
2023-09-30 12:18:23,736 INFO  [Log] **************************************************************************************** 
2023-09-30 12:18:23,736 INFO  [Log] $$$$$$$$$$$$$$$$$$$$$                 My batch 16 test case starts here       $$$$$$$$$$$$$$$$$$$$$$$$$ 
2023-09-30 12:18:23,736 INFO  [Log] **************************************************************************************** 
2023-09-30 12:18:23,737 INFO  [Log] **************************************************************************************** 
2023-09-30 12:18:23,823 INFO  [Log] my username has been entered 
2023-09-30 12:18:23,898 INFO  [Log] My password has been entered 
2023-09-30 12:18:42,791 INFO  [Log] **************************************************************************************** 
2023-09-30 12:18:42,791 INFO  [Log] **************************************************************************************** 
2023-09-30 12:18:42,791 INFO  [Log] $$$$$$$$$$$$$$$$$$$$$                 My batch 16 test case starts here       $$$$$$$$$$$$$$$$$$$$$$$$$ 
2023-09-30 12:18:42,791 INFO  [Log] **************************************************************************************** 
2023-09-30 12:18:42,791 INFO  [Log] **************************************************************************************** 
2023-09-30 12:18:42,913 INFO  [Log] my username has been entered 
2023-09-30 12:18:42,997 INFO  [Log] My password has been entered 
2023-09-30 12:19:02,592 INFO  [Log] **************************************************************************************** 
2023-09-30 12:19:02,592 INFO  [Log] **************************************************************************************** 
2023-09-30 12:19:02,592 INFO  [Log] $$$$$$$$$$$$$$$$$$$$$                 My batch 16 test case starts here       $$$$$$$$$$$$$$$$$$$$$$$$$ 
2023-09-30 12:19:02,592 INFO  [Log] **************************************************************************************** 
2023-09-30 12:19:02,593 INFO  [Log] **************************************************************************************** 
2023-09-30 12:19:02,689 INFO  [Log] my username has been entered 
2023-09-30 12:19:02,759 INFO  [Log] My password has been entered 
2023-09-30 12:19:28,670 INFO  [Log] **************************************************************************************** 
2023-09-30 12:19:28,670 INFO  [Log] **************************************************************************************** 
2023-09-30 12:19:28,670 INFO  [Log] $$$$$$$$$$$$$$$$$$$$$                 My batch 16 test case starts here       $$$$$$$$$$$$$$$$$$$$$$$$$ 
2023-09-30 12:19:28,670 INFO  [Log] **************************************************************************************** 
2023-09-30 12:19:28,670 INFO  [Log] **************************************************************************************** 
2023-09-30 12:19:28,788 INFO  [Log] my username has been entered 
2023-09-30 12:19:28,854 INFO  [Log] My password has been entered 
2023-09-30 12:19:55,801 INFO  [Log] **************************************************************************************** 
2023-09-30 12:19:55,801 INFO  [Log] **************************************************************************************** 
2023-09-30 12:19:55,801 INFO  [Log] $$$$$$$$$$$$$$$$$$$$$                 My batch 16 test case starts here       $$$$$$$$$$$$$$$$$$$$$$$$$ 
2023-09-30 12:19:55,802 INFO  [Log] **************************************************************************************** 
2023-09-30 12:19:55,802 INFO  [Log] **************************************************************************************** 
2023-09-30 12:19:55,909 INFO  [Log] my username has been entered 
2023-09-30 12:19:55,970 INFO  [Log] My password has been entered 
2023-09-30 12:29:07,776 INFO  [Log] **************************************************************************************** 
2023-09-30 12:29:07,779 INFO  [Log] **************************************************************************************** 
2023-09-30 12:29:07,779 INFO  [Log] $$$$$$$$$$$$$$$$$$$$$                 My batch 16 test case starts here       $$$$$$$$$$$$$$$$$$$$$$$$$ 
2023-09-30 12:29:07,780 INFO  [Log] **************************************************************************************** 
2023-09-30 12:29:07,780 INFO  [Log] **************************************************************************************** 
2023-09-30 12:29:07,901 INFO  [Log] my username has been entered 
2023-09-30 12:29:07,981 INFO  [Log] My password has been entered 
2023-09-30 12:31:46,900 INFO  [Log] **************************************************************************************** 
2023-09-30 12:31:46,904 INFO  [Log] **************************************************************************************** 
2023-09-30 12:31:46,905 INFO  [Log] $$$$$$$$$$$$$$$$$$$$$                 My batch 16 test case starts here       $$$$$$$$$$$$$$$$$$$$$$$$$ 
2023-09-30 12:31:46,905 INFO  [Log] **************************************************************************************** 
2023-09-30 12:31:46,905 INFO  [Log] **************************************************************************************** 
2023-09-30 12:31:47,241 INFO  [Log] my username has been entered 
2023-09-30 12:31:47,574 INFO  [Log] My password has been entered 
2023-09-30 12:36:25,920 INFO  [Log] **************************************************************************************** 
2023-09-30 12:36:25,922 INFO  [Log] **************************************************************************************** 
2023-09-30 12:36:25,922 INFO  [Log] $$$$$$$$$$$$$$$$$$$$$                 My batch 16 test case starts here       $$$$$$$$$$$$$$$$$$$$$$$$$ 
2023-09-30 12:36:25,923 INFO  [Log] **************************************************************************************** 
2023-09-30 12:36:25,923 INFO  [Log] **************************************************************************************** 
2023-09-30 12:36:26,044 INFO  [Log] my username has been entered 
2023-09-30 12:36:26,137 INFO  [Log] My password has been entered 
2023-09-30 12:36:45,443 INFO  [Log] **************************************************************************************** 
2023-09-30 12:36:45,443 INFO  [Log] **************************************************************************************** 
2023-09-30 12:36:45,443 INFO  [Log] $$$$$$$$$$$$$$$$$$$$$                 My batch 16 test case starts here       $$$$$$$$$$$$$$$$$$$$$$$$$ 
2023-09-30 12:36:45,443 INFO  [Log] **************************************************************************************** 
2023-09-30 12:36:45,443 INFO  [Log] **************************************************************************************** 
2023-09-30 12:36:45,557 INFO  [Log] my username has been entered 
2023-09-30 12:36:45,630 INFO  [Log] My password has been entered 
2023-09-30 12:37:03,693 INFO  [Log] **************************************************************************************** 
2023-09-30 12:37:03,693 INFO  [Log] **************************************************************************************** 
2023-09-30 12:37:03,694 INFO  [Log] $$$$$$$$$$$$$$$$$$$$$                 My batch 16 test case starts here       $$$$$$$$$$$$$$$$$$$$$$$$$ 
2023-09-30 12:37:03,694 INFO  [Log] **************************************************************************************** 
2023-09-30 12:37:03,694 INFO  [Log] **************************************************************************************** 
2023-09-30 12:37:03,801 INFO  [Log] my username has been entered 
2023-09-30 12:37:03,872 INFO  [Log] My password has been entered 
2023-09-30 12:37:23,330 INFO  [Log] **************************************************************************************** 
2023-09-30 12:37:23,330 INFO  [Log] **************************************************************************************** 
2023-09-30 12:37:23,330 INFO  [Log] $$$$$$$$$$$$$$$$$$$$$                 My batch 16 test case starts here       $$$$$$$$$$$$$$$$$$$$$$$$$ 
2023-09-30 12:37:23,330 INFO  [Log] **************************************************************************************** 
2023-09-30 12:37:23,330 INFO  [Log] **************************************************************************************** 
2023-09-30 12:37:23,413 INFO  [Log] my username has been entered 
2023-09-30 12:37:23,478 INFO  [Log] My password has been entered 
2023-09-30 12:37:42,355 INFO  [Log] **************************************************************************************** 
2023-09-30 12:37:42,355 INFO  [Log] **************************************************************************************** 
2023-09-30 12:37:42,355 INFO  [Log] $$$$$$$$$$$$$$$$$$$$$                 My batch 16 test case starts here       $$$$$$$$$$$$$$$$$$$$$$$$$ 
2023-09-30 12:37:42,355 INFO  [Log] **************************************************************************************** 
2023-09-30 12:37:42,356 INFO  [Log] **************************************************************************************** 
2023-09-30 12:37:42,446 INFO  [Log] my username has been entered 
2023-09-30 12:37:42,512 INFO  [Log] My password has been entered 
2023-09-30 12:38:00,481 INFO  [Log] **************************************************************************************** 
2023-09-30 12:38:00,481 INFO  [Log] **************************************************************************************** 
2023-09-30 12:38:00,481 INFO  [Log] $$$$$$$$$$$$$$$$$$$$$                 My batch 16 test case starts here       $$$$$$$$$$$$$$$$$$$$$$$$$ 
2023-09-30 12:38:00,481 INFO  [Log] **************************************************************************************** 
2023-09-30 12:38:00,481 INFO  [Log] **************************************************************************************** 
2023-09-30 12:38:00,587 INFO  [Log] my username has been entered 
2023-09-30 12:38:00,655 INFO  [Log] My password has been entered 
2023-09-30 12:38:27,330 INFO  [Log] **************************************************************************************** 
2023-09-30 12:38:27,330 INFO  [Log] **************************************************************************************** 
2023-09-30 12:38:27,331 INFO  [Log] $$$$$$$$$$$$$$$$$$$$$                 My batch 16 test case starts here       $$$$$$$$$$$$$$$$$$$$$$$$$ 
2023-09-30 12:38:27,331 INFO  [Log] **************************************************************************************** 
2023-09-30 12:38:27,331 INFO  [Log] **************************************************************************************** 
2023-09-30 12:38:27,430 INFO  [Log] my username has been entered 
2023-09-30 12:38:27,504 INFO  [Log] My password has been entered 
2023-09-30 12:39:42,188 INFO  [Log] **************************************************************************************** 
2023-09-30 12:39:42,189 INFO  [Log] **************************************************************************************** 
2023-09-30 12:39:42,189 INFO  [Log] $$$$$$$$$$$$$$$$$$$$$                 My batch 16 test case starts here       $$$$$$$$$$$$$$$$$$$$$$$$$ 
2023-09-30 12:39:42,189 INFO  [Log] **************************************************************************************** 
2023-09-30 12:39:42,189 INFO  [Log] **************************************************************************************** 
2023-09-30 12:39:42,293 INFO  [Log] my username has been entered 
2023-09-30 12:39:42,362 INFO  [Log] My password has been entered 
2023-09-30 12:40:01,526 INFO  [Log] **************************************************************************************** 
2023-09-30 12:40:01,526 INFO  [Log] **************************************************************************************** 
2023-09-30 12:40:01,526 INFO  [Log] $$$$$$$$$$$$$$$$$$$$$                 My batch 16 test case starts here       $$$$$$$$$$$$$$$$$$$$$$$$$ 
2023-09-30 12:40:01,526 INFO  [Log] **************************************************************************************** 
2023-09-30 12:40:01,526 INFO  [Log] **************************************************************************************** 
2023-09-30 12:40:01,608 INFO  [Log] my username has been entered 
2023-09-30 12:40:01,670 INFO  [Log] My password has been entered 
2023-09-30 12:40:19,709 INFO  [Log] **************************************************************************************** 
2023-09-30 12:40:19,709 INFO  [Log] **************************************************************************************** 
2023-09-30 12:40:19,709 INFO  [Log] $$$$$$$$$$$$$$$$$$$$$                 My batch 16 test case starts here       $$$$$$$$$$$$$$$$$$$$$$$$$ 
2023-09-30 12:40:19,709 INFO  [Log] **************************************************************************************** 
2023-09-30 12:40:19,710 INFO  [Log] **************************************************************************************** 
2023-09-30 12:40:19,839 INFO  [Log] my username has been entered 
2023-09-30 12:40:19,925 INFO  [Log] My password has been entered 
2023-09-30 12:40:44,953 INFO  [Log] **************************************************************************************** 
2023-09-30 12:40:44,953 INFO  [Log] **************************************************************************************** 
2023-09-30 12:40:44,953 INFO  [Log] $$$$$$$$$$$$$$$$$$$$$                 My batch 16 test case starts here       $$$$$$$$$$$$$$$$$$$$$$$$$ 
2023-09-30 12:40:44,953 INFO  [Log] **************************************************************************************** 
2023-09-30 12:40:44,953 INFO  [Log] **************************************************************************************** 
2023-09-30 12:40:45,055 INFO  [Log] my username has been entered 
2023-09-30 12:40:45,126 INFO  [Log] My password has been entered 
2023-09-30 12:41:12,495 INFO  [Log] **************************************************************************************** 
2023-09-30 12:41:12,495 INFO  [Log] **************************************************************************************** 
2023-09-30 12:41:12,496 INFO  [Log] $$$$$$$$$$$$$$$$$$$$$                 My batch 16 test case starts here       $$$$$$$$$$$$$$$$$$$$$$$$$ 
2023-09-30 12:41:12,496 INFO  [Log] **************************************************************************************** 
2023-09-30 12:41:12,496 INFO  [Log] **************************************************************************************** 
2023-09-30 12:41:12,585 INFO  [Log] my username has been entered 
2023-09-30 12:41:12,651 INFO  [Log] My password has been entered 
2023-09-30 13:06:53,184 INFO  [Log] **************************************************************************************** 
2023-09-30 13:06:53,185 INFO  [Log] **************************************************************************************** 
2023-09-30 13:06:53,185 INFO  [Log] $$$$$$$$$$$$$$$$$$$$$                 My batch 16 test case starts here       $$$$$$$$$$$$$$$$$$$$$$$$$ 
2023-09-30 13:06:53,185 INFO  [Log] **************************************************************************************** 
2023-09-30 13:06:53,185 INFO  [Log] **************************************************************************************** 
2023-09-30 13:06:53,280 INFO  [Log] my username has been entered 
2023-09-30 13:06:53,356 INFO  [Log] My password has been entered 
2023-09-30 13:07:12,942 INFO  [Log] **************************************************************************************** 
2023-09-30 13:07:12,942 INFO  [Log] **************************************************************************************** 
2023-09-30 13:07:12,942 INFO  [Log] $$$$$$$$$$$$$$$$$$$$$                 My batch 16 test case starts here       $$$$$$$$$$$$$$$$$$$$$$$$$ 
2023-09-30 13:07:12,942 INFO  [Log] **************************************************************************************** 
2023-09-30 13:07:12,942 INFO  [Log] **************************************************************************************** 
2023-09-30 13:07:13,033 INFO  [Log] my username has been entered 
2023-09-30 13:07:13,096 INFO  [Log] My password has been entered 
2023-09-30 13:07:31,858 INFO  [Log] **************************************************************************************** 
2023-09-30 13:07:31,859 INFO  [Log] **************************************************************************************** 
2023-09-30 13:07:31,859 INFO  [Log] $$$$$$$$$$$$$$$$$$$$$                 My batch 16 test case starts here       $$$$$$$$$$$$$$$$$$$$$$$$$ 
2023-09-30 13:07:31,859 INFO  [Log] **************************************************************************************** 
2023-09-30 13:07:31,859 INFO  [Log] **************************************************************************************** 
2023-09-30 13:07:31,942 INFO  [Log] my username has been entered 
2023-09-30 13:07:32,002 INFO  [Log] My password has been entered 
2023-09-30 13:07:50,243 INFO  [Log] **************************************************************************************** 
2023-09-30 13:07:50,243 INFO  [Log] **************************************************************************************** 
2023-09-30 13:07:50,243 INFO  [Log] $$$$$$$$$$$$$$$$$$$$$                 My batch 16 test case starts here       $$$$$$$$$$$$$$$$$$$$$$$$$ 
2023-09-30 13:07:50,243 INFO  [Log] **************************************************************************************** 
2023-09-30 13:07:50,243 INFO  [Log] **************************************************************************************** 
2023-09-30 13:07:50,344 INFO  [Log] my username has been entered 
2023-09-30 13:07:50,433 INFO  [Log] My password has been entered 
2023-09-30 13:10:02,413 INFO  [Log] **************************************************************************************** 
2023-09-30 13:10:02,414 INFO  [Log] **************************************************************************************** 
2023-09-30 13:10:02,414 INFO  [Log] $$$$$$$$$$$$$$$$$$$$$                 My batch 16 test case starts here       $$$$$$$$$$$$$$$$$$$$$$$$$ 
2023-09-30 13:10:02,414 INFO  [Log] **************************************************************************************** 
2023-09-30 13:10:02,414 INFO  [Log] **************************************************************************************** 
2023-09-30 13:10:02,503 INFO  [Log] my username has been entered 
2023-09-30 13:10:02,563 INFO  [Log] My password has been entered 
2023-09-30 13:10:21,728 INFO  [Log] **************************************************************************************** 
2023-09-30 13:10:21,729 INFO  [Log] **************************************************************************************** 
2023-09-30 13:10:21,729 INFO  [Log] $$$$$$$$$$$$$$$$$$$$$                 My batch 16 test case starts here       $$$$$$$$$$$$$$$$$$$$$$$$$ 
2023-09-30 13:10:21,729 INFO  [Log] **************************************************************************************** 
2023-09-30 13:10:21,729 INFO  [Log] **************************************************************************************** 
2023-09-30 13:10:21,816 INFO  [Log] my username has been entered 
2023-09-30 13:10:21,877 INFO  [Log] My password has been entered 
2023-09-30 13:10:46,158 INFO  [Log] **************************************************************************************** 
2023-09-30 13:10:46,158 INFO  [Log] **************************************************************************************** 
2023-09-30 13:10:46,158 INFO  [Log] $$$$$$$$$$$$$$$$$$$$$                 My batch 16 test case starts here       $$$$$$$$$$$$$$$$$$$$$$$$$ 
2023-09-30 13:10:46,158 INFO  [Log] **************************************************************************************** 
2023-09-30 13:10:46,158 INFO  [Log] **************************************************************************************** 
2023-09-30 13:10:46,268 INFO  [Log] my username has been entered 
2023-09-30 13:10:46,331 INFO  [Log] My password has been entered 
2023-09-30 13:12:01,154 INFO  [Log] **************************************************************************************** 
2023-09-30 13:12:01,154 INFO  [Log] **************************************************************************************** 
2023-09-30 13:12:01,154 INFO  [Log] $$$$$$$$$$$$$$$$$$$$$                 My batch 16 test case starts here       $$$$$$$$$$$$$$$$$$$$$$$$$ 
2023-09-30 13:12:01,154 INFO  [Log] **************************************************************************************** 
2023-09-30 13:12:01,154 INFO  [Log] **************************************************************************************** 
2023-09-30 13:12:01,252 INFO  [Log] my username has been entered 
2023-09-30 13:12:01,312 INFO  [Log] My password has been entered 
2023-09-30 13:12:21,049 INFO  [Log] **************************************************************************************** 
2023-09-30 13:12:21,050 INFO  [Log] **************************************************************************************** 
2023-09-30 13:12:21,050 INFO  [Log] $$$$$$$$$$$$$$$$$$$$$                 My batch 16 test case starts here       $$$$$$$$$$$$$$$$$$$$$$$$$ 
2023-09-30 13:12:21,050 INFO  [Log] **************************************************************************************** 
2023-09-30 13:12:21,050 INFO  [Log] **************************************************************************************** 
2023-09-30 13:12:21,128 INFO  [Log] my username has been entered 
2023-09-30 13:12:21,195 INFO  [Log] My password has been entered 
2023-09-30 13:12:39,277 INFO  [Log] **************************************************************************************** 
2023-09-30 13:12:39,278 INFO  [Log] **************************************************************************************** 
2023-09-30 13:12:39,278 INFO  [Log] $$$$$$$$$$$$$$$$$$$$$                 My batch 16 test case starts here       $$$$$$$$$$$$$$$$$$$$$$$$$ 
2023-09-30 13:12:39,278 INFO  [Log] **************************************************************************************** 
2023-09-30 13:12:39,278 INFO  [Log] **************************************************************************************** 
2023-09-30 13:12:39,365 INFO  [Log] my username has been entered 
2023-09-30 13:12:39,426 INFO  [Log] My password has been entered 
2023-09-30 13:13:05,753 INFO  [Log] **************************************************************************************** 
2023-09-30 13:13:05,753 INFO  [Log] **************************************************************************************** 
2023-09-30 13:13:05,753 INFO  [Log] $$$$$$$$$$$$$$$$$$$$$                 My batch 16 test case starts here       $$$$$$$$$$$$$$$$$$$$$$$$$ 
2023-09-30 13:13:05,753 INFO  [Log] **************************************************************************************** 
2023-09-30 13:13:05,753 INFO  [Log] **************************************************************************************** 
2023-09-30 13:13:05,850 INFO  [Log] my username has been entered 
2023-09-30 13:13:05,912 INFO  [Log] My password has been entered 
2023-09-30 13:13:32,804 INFO  [Log] **************************************************************************************** 
2023-09-30 13:13:32,804 INFO  [Log] **************************************************************************************** 
2023-09-30 13:13:32,804 INFO  [Log] $$$$$$$$$$$$$$$$$$$$$                 My batch 16 test case starts here       $$$$$$$$$$$$$$$$$$$$$$$$$ 
2023-09-30 13:13:32,804 INFO  [Log] **************************************************************************************** 
2023-09-30 13:13:32,804 INFO  [Log] **************************************************************************************** 
2023-09-30 13:13:32,905 INFO  [Log] my username has been entered 
2023-09-30 13:13:32,982 INFO  [Log] My password has been entered 
2023-09-30 14:03:17,242 INFO  [Log] **************************************************************************************** 
2023-09-30 14:03:17,244 INFO  [Log] **************************************************************************************** 
2023-09-30 14:03:17,244 INFO  [Log] $$$$$$$$$$$$$$$$$$$$$                 My batch 16 test case starts here       $$$$$$$$$$$$$$$$$$$$$$$$$ 
2023-09-30 14:03:17,244 INFO  [Log] **************************************************************************************** 
2023-09-30 14:03:17,244 INFO  [Log] **************************************************************************************** 
2023-09-30 14:03:17,355 INFO  [Log] my username has been entered 
2023-09-30 14:03:17,426 INFO  [Log] My password has been entered 
2023-09-30 14:03:35,535 INFO  [Log] **************************************************************************************** 
2023-09-30 14:03:35,535 INFO  [Log] **************************************************************************************** 
2023-09-30 14:03:35,535 INFO  [Log] $$$$$$$$$$$$$$$$$$$$$                 My batch 16 test case starts here       $$$$$$$$$$$$$$$$$$$$$$$$$ 
2023-09-30 14:03:35,535 INFO  [Log] **************************************************************************************** 
2023-09-30 14:03:35,535 INFO  [Log] **************************************************************************************** 
2023-09-30 14:03:35,635 INFO  [Log] my username has been entered 
2023-09-30 14:03:35,700 INFO  [Log] My password has been entered 
2023-09-30 14:03:54,424 INFO  [Log] **************************************************************************************** 
2023-09-30 14:03:54,424 INFO  [Log] **************************************************************************************** 
2023-09-30 14:03:54,424 INFO  [Log] $$$$$$$$$$$$$$$$$$$$$                 My batch 16 test case starts here       $$$$$$$$$$$$$$$$$$$$$$$$$ 
2023-09-30 14:03:54,424 INFO  [Log] **************************************************************************************** 
2023-09-30 14:03:54,424 INFO  [Log] **************************************************************************************** 
2023-09-30 14:03:54,507 INFO  [Log] my username has been entered 
2023-09-30 14:03:54,574 INFO  [Log] My password has been entered 
2023-09-30 14:04:12,668 INFO  [Log] **************************************************************************************** 
2023-09-30 14:04:12,668 INFO  [Log] **************************************************************************************** 
2023-09-30 14:04:12,668 INFO  [Log] $$$$$$$$$$$$$$$$$$$$$                 My batch 16 test case starts here       $$$$$$$$$$$$$$$$$$$$$$$$$ 
2023-09-30 14:04:12,668 INFO  [Log] **************************************************************************************** 
2023-09-30 14:04:12,668 INFO  [Log] **************************************************************************************** 
2023-09-30 14:04:12,765 INFO  [Log] my username has been entered 
2023-09-30 14:04:12,827 INFO  [Log] My password has been entered 
2023-09-30 14:04:31,882 INFO  [Log] **************************************************************************************** 
2023-09-30 14:04:31,882 INFO  [Log] **************************************************************************************** 
2023-09-30 14:04:31,883 INFO  [Log] $$$$$$$$$$$$$$$$$$$$$                 My batch 16 test case starts here       $$$$$$$$$$$$$$$$$$$$$$$$$ 
2023-09-30 14:04:31,883 INFO  [Log] **************************************************************************************** 
2023-09-30 14:04:31,883 INFO  [Log] **************************************************************************************** 
2023-09-30 14:04:31,993 INFO  [Log] my username has been entered 
2023-09-30 14:04:32,057 INFO  [Log] My password has been entered 
2023-09-30 14:04:50,028 INFO  [Log] **************************************************************************************** 
2023-09-30 14:04:50,028 INFO  [Log] **************************************************************************************** 
2023-09-30 14:04:50,028 INFO  [Log] $$$$$$$$$$$$$$$$$$$$$                 My batch 16 test case starts here       $$$$$$$$$$$$$$$$$$$$$$$$$ 
2023-09-30 14:04:50,028 INFO  [Log] **************************************************************************************** 
2023-09-30 14:04:50,028 INFO  [Log] **************************************************************************************** 
2023-09-30 14:04:50,110 INFO  [Log] my username has been entered 
2023-09-30 14:04:50,172 INFO  [Log] My password has been entered 
2023-09-30 14:05:14,962 INFO  [Log] **************************************************************************************** 
2023-09-30 14:05:14,962 INFO  [Log] **************************************************************************************** 
2023-09-30 14:05:14,962 INFO  [Log] $$$$$$$$$$$$$$$$$$$$$                 My batch 16 test case starts here       $$$$$$$$$$$$$$$$$$$$$$$$$ 
2023-09-30 14:05:14,962 INFO  [Log] **************************************************************************************** 
2023-09-30 14:05:14,962 INFO  [Log] **************************************************************************************** 
2023-09-30 14:05:15,050 INFO  [Log] my username has been entered 
2023-09-30 14:05:15,113 INFO  [Log] My password has been entered 
2023-09-30 14:06:28,322 INFO  [Log] **************************************************************************************** 
2023-09-30 14:06:28,322 INFO  [Log] **************************************************************************************** 
2023-09-30 14:06:28,322 INFO  [Log] $$$$$$$$$$$$$$$$$$$$$                 My batch 16 test case starts here       $$$$$$$$$$$$$$$$$$$$$$$$$ 
2023-09-30 14:06:28,322 INFO  [Log] **************************************************************************************** 
2023-09-30 14:06:28,322 INFO  [Log] **************************************************************************************** 
2023-09-30 14:06:28,401 INFO  [Log] my username has been entered 
2023-09-30 14:06:28,460 INFO  [Log] My password has been entered 
2023-09-30 14:06:47,508 INFO  [Log] **************************************************************************************** 
2023-09-30 14:06:47,508 INFO  [Log] **************************************************************************************** 
2023-09-30 14:06:47,508 INFO  [Log] $$$$$$$$$$$$$$$$$$$$$                 My batch 16 test case starts here       $$$$$$$$$$$$$$$$$$$$$$$$$ 
2023-09-30 14:06:47,508 INFO  [Log] **************************************************************************************** 
2023-09-30 14:06:47,508 INFO  [Log] **************************************************************************************** 
2023-09-30 14:06:47,593 INFO  [Log] my username has been entered 
2023-09-30 14:06:47,658 INFO  [Log] My password has been entered 
2023-09-30 14:07:06,576 INFO  [Log] **************************************************************************************** 
2023-09-30 14:07:06,576 INFO  [Log] **************************************************************************************** 
2023-09-30 14:07:06,576 INFO  [Log] $$$$$$$$$$$$$$$$$$$$$                 My batch 16 test case starts here       $$$$$$$$$$$$$$$$$$$$$$$$$ 
2023-09-30 14:07:06,576 INFO  [Log] **************************************************************************************** 
2023-09-30 14:07:06,576 INFO  [Log] **************************************************************************************** 
2023-09-30 14:07:06,676 INFO  [Log] my username has been entered 
2023-09-30 14:07:06,732 INFO  [Log] My password has been entered 
2023-09-30 14:07:32,615 INFO  [Log] **************************************************************************************** 
2023-09-30 14:07:32,615 INFO  [Log] **************************************************************************************** 
2023-09-30 14:07:32,615 INFO  [Log] $$$$$$$$$$$$$$$$$$$$$                 My batch 16 test case starts here       $$$$$$$$$$$$$$$$$$$$$$$$$ 
2023-09-30 14:07:32,615 INFO  [Log] **************************************************************************************** 
2023-09-30 14:07:32,615 INFO  [Log] **************************************************************************************** 
2023-09-30 14:07:32,715 INFO  [Log] my username has been entered 
2023-09-30 14:07:32,783 INFO  [Log] My password has been entered 
2023-09-30 14:07:59,934 INFO  [Log] **************************************************************************************** 
2023-09-30 14:07:59,934 INFO  [Log] **************************************************************************************** 
2023-09-30 14:07:59,934 INFO  [Log] $$$$$$$$$$$$$$$$$$$$$                 My batch 16 test case starts here       $$$$$$$$$$$$$$$$$$$$$$$$$ 
2023-09-30 14:07:59,935 INFO  [Log] **************************************************************************************** 
2023-09-30 14:07:59,935 INFO  [Log] **************************************************************************************** 
2023-09-30 14:08:00,022 INFO  [Log] my username has been entered 
2023-09-30 14:08:00,090 INFO  [Log] My password has been entered 
2023-09-30 15:43:13,716 INFO  [Log] **************************************************************************************** 
2023-09-30 15:43:13,718 INFO  [Log] **************************************************************************************** 
2023-09-30 15:43:13,718 INFO  [Log] $$$$$$$$$$$$$$$$$$$$$                 My batch 16 test case starts here       $$$$$$$$$$$$$$$$$$$$$$$$$ 
2023-09-30 15:43:13,718 INFO  [Log] **************************************************************************************** 
2023-09-30 15:43:13,718 INFO  [Log] **************************************************************************************** 
2023-09-30 15:43:13,846 INFO  [Log] my username has been entered 
2023-09-30 15:43:13,931 INFO  [Log] My password has been entered 
2023-09-30 15:43:35,976 INFO  [Log] **************************************************************************************** 
2023-09-30 15:43:35,976 INFO  [Log] **************************************************************************************** 
2023-09-30 15:43:35,976 INFO  [Log] $$$$$$$$$$$$$$$$$$$$$                 My batch 16 test case starts here       $$$$$$$$$$$$$$$$$$$$$$$$$ 
2023-09-30 15:43:35,976 INFO  [Log] **************************************************************************************** 
2023-09-30 15:43:35,976 INFO  [Log] **************************************************************************************** 
2023-09-30 15:43:36,120 INFO  [Log] my username has been entered 
2023-09-30 15:43:36,212 INFO  [Log] My password has been entered 
2023-09-30 15:43:55,922 INFO  [Log] **************************************************************************************** 
2023-09-30 15:43:55,922 INFO  [Log] **************************************************************************************** 
2023-09-30 15:43:55,922 INFO  [Log] $$$$$$$$$$$$$$$$$$$$$                 My batch 16 test case starts here       $$$$$$$$$$$$$$$$$$$$$$$$$ 
2023-09-30 15:43:55,923 INFO  [Log] **************************************************************************************** 
2023-09-30 15:43:55,923 INFO  [Log] **************************************************************************************** 
2023-09-30 15:43:56,041 INFO  [Log] my username has been entered 
2023-09-30 15:43:56,120 INFO  [Log] My password has been entered 
2023-09-30 15:44:15,147 INFO  [Log] **************************************************************************************** 
2023-09-30 15:44:15,147 INFO  [Log] **************************************************************************************** 
2023-09-30 15:44:15,147 INFO  [Log] $$$$$$$$$$$$$$$$$$$$$                 My batch 16 test case starts here       $$$$$$$$$$$$$$$$$$$$$$$$$ 
2023-09-30 15:44:15,147 INFO  [Log] **************************************************************************************** 
2023-09-30 15:44:15,147 INFO  [Log] **************************************************************************************** 
2023-09-30 15:44:15,233 INFO  [Log] my username has been entered 
2023-09-30 15:44:15,297 INFO  [Log] My password has been entered 
2023-09-30 15:44:34,417 INFO  [Log] **************************************************************************************** 
2023-09-30 15:44:34,417 INFO  [Log] **************************************************************************************** 
2023-09-30 15:44:34,417 INFO  [Log] $$$$$$$$$$$$$$$$$$$$$                 My batch 16 test case starts here       $$$$$$$$$$$$$$$$$$$$$$$$$ 
2023-09-30 15:44:34,417 INFO  [Log] **************************************************************************************** 
2023-09-30 15:44:34,417 INFO  [Log] **************************************************************************************** 
2023-09-30 15:44:34,536 INFO  [Log] my username has been entered 
2023-09-30 15:44:34,611 INFO  [Log] My password has been entered 
2023-09-30 15:44:53,616 INFO  [Log] **************************************************************************************** 
2023-09-30 15:44:53,617 INFO  [Log] **************************************************************************************** 
2023-09-30 15:44:53,617 INFO  [Log] $$$$$$$$$$$$$$$$$$$$$                 My batch 16 test case starts here       $$$$$$$$$$$$$$$$$$$$$$$$$ 
2023-09-30 15:44:53,617 INFO  [Log] **************************************************************************************** 
2023-09-30 15:44:53,617 INFO  [Log] **************************************************************************************** 
2023-09-30 15:44:53,726 INFO  [Log] my username has been entered 
2023-09-30 15:44:53,797 INFO  [Log] My password has been entered 
2023-09-30 15:45:17,666 INFO  [Log] **************************************************************************************** 
2023-09-30 15:45:17,666 INFO  [Log] **************************************************************************************** 
2023-09-30 15:45:17,666 INFO  [Log] $$$$$$$$$$$$$$$$$$$$$                 My batch 16 test case starts here       $$$$$$$$$$$$$$$$$$$$$$$$$ 
2023-09-30 15:45:17,666 INFO  [Log] **************************************************************************************** 
2023-09-30 15:45:17,666 INFO  [Log] **************************************************************************************** 
2023-09-30 15:45:17,770 INFO  [Log] my username has been entered 
2023-09-30 15:45:17,855 INFO  [Log] My password has been entered 
2023-09-30 15:46:33,409 INFO  [Log] **************************************************************************************** 
2023-09-30 15:46:33,409 INFO  [Log] **************************************************************************************** 
2023-09-30 15:46:33,409 INFO  [Log] $$$$$$$$$$$$$$$$$$$$$                 My batch 16 test case starts here       $$$$$$$$$$$$$$$$$$$$$$$$$ 
2023-09-30 15:46:33,410 INFO  [Log] **************************************************************************************** 
2023-09-30 15:46:33,410 INFO  [Log] **************************************************************************************** 
2023-09-30 15:46:33,511 INFO  [Log] my username has been entered 
2023-09-30 15:46:33,590 INFO  [Log] My password has been entered 
2023-09-30 15:46:52,103 INFO  [Log] **************************************************************************************** 
2023-09-30 15:46:52,103 INFO  [Log] **************************************************************************************** 
2023-09-30 15:46:52,103 INFO  [Log] $$$$$$$$$$$$$$$$$$$$$                 My batch 16 test case starts here       $$$$$$$$$$$$$$$$$$$$$$$$$ 
2023-09-30 15:46:52,103 INFO  [Log] **************************************************************************************** 
2023-09-30 15:46:52,103 INFO  [Log] **************************************************************************************** 
2023-09-30 15:46:52,188 INFO  [Log] my username has been entered 
2023-09-30 15:46:52,260 INFO  [Log] My password has been entered 
2023-09-30 15:47:10,286 INFO  [Log] **************************************************************************************** 
2023-09-30 15:47:10,286 INFO  [Log] **************************************************************************************** 
2023-09-30 15:47:10,287 INFO  [Log] $$$$$$$$$$$$$$$$$$$$$                 My batch 16 test case starts here       $$$$$$$$$$$$$$$$$$$$$$$$$ 
2023-09-30 15:47:10,287 INFO  [Log] **************************************************************************************** 
2023-09-30 15:47:10,287 INFO  [Log] **************************************************************************************** 
2023-09-30 15:47:10,397 INFO  [Log] my username has been entered 
2023-09-30 15:47:10,504 INFO  [Log] My password has been entered 
2023-09-30 15:47:36,395 INFO  [Log] **************************************************************************************** 
2023-09-30 15:47:36,395 INFO  [Log] **************************************************************************************** 
2023-09-30 15:47:36,395 INFO  [Log] $$$$$$$$$$$$$$$$$$$$$                 My batch 16 test case starts here       $$$$$$$$$$$$$$$$$$$$$$$$$ 
2023-09-30 15:47:36,395 INFO  [Log] **************************************************************************************** 
2023-09-30 15:47:36,395 INFO  [Log] **************************************************************************************** 
2023-09-30 15:47:36,512 INFO  [Log] my username has been entered 
2023-09-30 15:47:36,596 INFO  [Log] My password has been entered 
2023-09-30 15:48:04,571 INFO  [Log] **************************************************************************************** 
2023-09-30 15:48:04,571 INFO  [Log] **************************************************************************************** 
2023-09-30 15:48:04,571 INFO  [Log] $$$$$$$$$$$$$$$$$$$$$                 My batch 16 test case starts here       $$$$$$$$$$$$$$$$$$$$$$$$$ 
2023-09-30 15:48:04,571 INFO  [Log] **************************************************************************************** 
2023-09-30 15:48:04,571 INFO  [Log] **************************************************************************************** 
2023-09-30 15:48:04,657 INFO  [Log] my username has been entered 
2023-09-30 15:48:04,725 INFO  [Log] My password has been entered 
2023-09-30 15:59:09,518 INFO  [Log] **************************************************************************************** 
2023-09-30 15:59:09,520 INFO  [Log] **************************************************************************************** 
2023-09-30 15:59:09,520 INFO  [Log] $$$$$$$$$$$$$$$$$$$$$                 My batch 16 test case starts here       $$$$$$$$$$$$$$$$$$$$$$$$$ 
2023-09-30 15:59:09,520 INFO  [Log] **************************************************************************************** 
2023-09-30 15:59:09,520 INFO  [Log] **************************************************************************************** 
2023-09-30 15:59:09,638 INFO  [Log] my username has been entered 
2023-09-30 15:59:09,739 INFO  [Log] My password has been entered 
2023-09-30 15:59:28,938 INFO  [Log] **************************************************************************************** 
2023-09-30 15:59:28,938 INFO  [Log] **************************************************************************************** 
2023-09-30 15:59:28,938 INFO  [Log] $$$$$$$$$$$$$$$$$$$$$                 My batch 16 test case starts here       $$$$$$$$$$$$$$$$$$$$$$$$$ 
2023-09-30 15:59:28,938 INFO  [Log] **************************************************************************************** 
2023-09-30 15:59:28,938 INFO  [Log] **************************************************************************************** 
2023-09-30 15:59:29,038 INFO  [Log] my username has been entered 
2023-09-30 15:59:29,118 INFO  [Log] My password has been entered 
2023-09-30 15:59:47,707 INFO  [Log] **************************************************************************************** 
2023-09-30 15:59:47,707 INFO  [Log] **************************************************************************************** 
2023-09-30 15:59:47,707 INFO  [Log] $$$$$$$$$$$$$$$$$$$$$                 My batch 16 test case starts here       $$$$$$$$$$$$$$$$$$$$$$$$$ 
2023-09-30 15:59:47,707 INFO  [Log] **************************************************************************************** 
2023-09-30 15:59:47,707 INFO  [Log] **************************************************************************************** 
2023-09-30 15:59:47,819 INFO  [Log] my username has been entered 
2023-09-30 15:59:47,899 INFO  [Log] My password has been entered 
2023-09-30 16:00:06,454 INFO  [Log] **************************************************************************************** 
2023-09-30 16:00:06,454 INFO  [Log] **************************************************************************************** 
2023-09-30 16:00:06,454 INFO  [Log] $$$$$$$$$$$$$$$$$$$$$                 My batch 16 test case starts here       $$$$$$$$$$$$$$$$$$$$$$$$$ 
2023-09-30 16:00:06,454 INFO  [Log] **************************************************************************************** 
2023-09-30 16:00:06,454 INFO  [Log] **************************************************************************************** 
2023-09-30 16:00:06,573 INFO  [Log] my username has been entered 
2023-09-30 16:00:06,667 INFO  [Log] My password has been entered 
2023-09-30 16:00:26,466 INFO  [Log] **************************************************************************************** 
2023-09-30 16:00:26,466 INFO  [Log] **************************************************************************************** 
2023-09-30 16:00:26,466 INFO  [Log] $$$$$$$$$$$$$$$$$$$$$                 My batch 16 test case starts here       $$$$$$$$$$$$$$$$$$$$$$$$$ 
2023-09-30 16:00:26,466 INFO  [Log] **************************************************************************************** 
2023-09-30 16:00:26,466 INFO  [Log] **************************************************************************************** 
2023-09-30 16:00:26,581 INFO  [Log] my username has been entered 
2023-09-30 16:00:26,656 INFO  [Log] My password has been entered 
2023-09-30 16:00:45,525 INFO  [Log] **************************************************************************************** 
2023-09-30 16:00:45,525 INFO  [Log] **************************************************************************************** 
2023-09-30 16:00:45,525 INFO  [Log] $$$$$$$$$$$$$$$$$$$$$                 My batch 16 test case starts here       $$$$$$$$$$$$$$$$$$$$$$$$$ 
2023-09-30 16:00:45,525 INFO  [Log] **************************************************************************************** 
2023-09-30 16:00:45,525 INFO  [Log] **************************************************************************************** 
2023-09-30 16:00:45,641 INFO  [Log] my username has been entered 
2023-09-30 16:00:45,719 INFO  [Log] My password has been entered 
2023-09-30 16:01:09,491 INFO  [Log] **************************************************************************************** 
2023-09-30 16:01:09,491 INFO  [Log] **************************************************************************************** 
2023-09-30 16:01:09,491 INFO  [Log] $$$$$$$$$$$$$$$$$$$$$                 My batch 16 test case starts here       $$$$$$$$$$$$$$$$$$$$$$$$$ 
2023-09-30 16:01:09,491 INFO  [Log] **************************************************************************************** 
2023-09-30 16:01:09,491 INFO  [Log] **************************************************************************************** 
2023-09-30 16:01:09,621 INFO  [Log] my username has been entered 
2023-09-30 16:01:09,704 INFO  [Log] My password has been entered 
2023-09-30 16:02:23,573 INFO  [Log] **************************************************************************************** 
2023-09-30 16:02:23,573 INFO  [Log] **************************************************************************************** 
2023-09-30 16:02:23,574 INFO  [Log] $$$$$$$$$$$$$$$$$$$$$                 My batch 16 test case starts here       $$$$$$$$$$$$$$$$$$$$$$$$$ 
2023-09-30 16:02:23,574 INFO  [Log] **************************************************************************************** 
2023-09-30 16:02:23,574 INFO  [Log] **************************************************************************************** 
2023-09-30 16:02:23,691 INFO  [Log] my username has been entered 
2023-09-30 16:02:23,771 INFO  [Log] My password has been entered 
2023-09-30 16:02:43,206 INFO  [Log] **************************************************************************************** 
2023-09-30 16:02:43,206 INFO  [Log] **************************************************************************************** 
2023-09-30 16:02:43,206 INFO  [Log] $$$$$$$$$$$$$$$$$$$$$                 My batch 16 test case starts here       $$$$$$$$$$$$$$$$$$$$$$$$$ 
2023-09-30 16:02:43,206 INFO  [Log] **************************************************************************************** 
2023-09-30 16:02:43,206 INFO  [Log] **************************************************************************************** 
2023-09-30 16:02:43,317 INFO  [Log] my username has been entered 
2023-09-30 16:02:43,402 INFO  [Log] My password has been entered 
2023-09-30 16:03:02,090 INFO  [Log] **************************************************************************************** 
2023-09-30 16:03:02,090 INFO  [Log] **************************************************************************************** 
2023-09-30 16:03:02,090 INFO  [Log] $$$$$$$$$$$$$$$$$$$$$                 My batch 16 test case starts here       $$$$$$$$$$$$$$$$$$$$$$$$$ 
2023-09-30 16:03:02,090 INFO  [Log] **************************************************************************************** 
2023-09-30 16:03:02,090 INFO  [Log] **************************************************************************************** 
2023-09-30 16:03:02,231 INFO  [Log] my username has been entered 
2023-09-30 16:03:02,327 INFO  [Log] My password has been entered 
2023-09-30 16:03:27,023 INFO  [Log] **************************************************************************************** 
2023-09-30 16:03:27,023 INFO  [Log] **************************************************************************************** 
2023-09-30 16:03:27,023 INFO  [Log] $$$$$$$$$$$$$$$$$$$$$                 My batch 16 test case starts here       $$$$$$$$$$$$$$$$$$$$$$$$$ 
2023-09-30 16:03:27,023 INFO  [Log] **************************************************************************************** 
2023-09-30 16:03:27,023 INFO  [Log] **************************************************************************************** 
2023-09-30 16:03:27,134 INFO  [Log] my username has been entered 
2023-09-30 16:03:27,216 INFO  [Log] My password has been entered 
2023-09-30 16:03:53,809 INFO  [Log] **************************************************************************************** 
2023-09-30 16:03:53,809 INFO  [Log] **************************************************************************************** 
2023-09-30 16:03:53,809 INFO  [Log] $$$$$$$$$$$$$$$$$$$$$                 My batch 16 test case starts here       $$$$$$$$$$$$$$$$$$$$$$$$$ 
2023-09-30 16:03:53,809 INFO  [Log] **************************************************************************************** 
2023-09-30 16:03:53,809 INFO  [Log] **************************************************************************************** 
2023-09-30 16:03:53,908 INFO  [Log] my username has been entered 
2023-09-30 16:03:53,984 INFO  [Log] My password has been entered 
